1544693378775	geckodriver	INFO	geckodriver 0.18.0
1544693378799	geckodriver	INFO	Listening on 127.0.0.1:27774
1544693381948	geckodriver::marionette	INFO	Starting browser C:\Program Files (x86)\Mozilla Firefox 61\firefox.exe with args ["-marionette"]
Unable to read VR Path Registry from C:\Users\Denny\AppData\Local\openvr\openvrpaths.vrpath
Unable to read VR Path Registry from C:\Users\Denny\AppData\Local\openvr\openvrpaths.vrpath
Unable to read VR Path Registry from C:\Users\Denny\AppData\Local\openvr\openvrpaths.vrpath
Unable to read VR Path Registry from C:\Users\Denny\AppData\Local\openvr\openvrpaths.vrpath
Unable to read VR Path Registry from C:\Users\Denny\AppData\Local\openvr\openvrpaths.vrpath
1544693389477	Marionette	INFO	Listening on port 27788
1544693389961	Marionette	WARN	TLS certificate errors will be ignored for this session
[Child 232352, Chrome_ChildThread] WARNING: pipe error: 109: file z:/build/build/src/ipc/chromium/src/chrome/common/ipc_channel_win.cc, line 346
[Child 232352, Chrome_ChildThread] WARNING: pipe error: 109: file z:/build/build/src/ipc/chromium/src/chrome/common/ip*** UTM:SVC TimerManager:registerTimer called after profile-before-change notification. Ignoring timer registration for id: telemetry_modules_ping

###!!! [Child][MessageChannel::SendAndWait] Error: Channel error: cannot send/recv

l\openvr\openvrpaths.vrpath
Unable to read VR Path Registry from C:\Users\Denny\AppData\Local\openvr\openvrpaths.vrpath
Unable to read VR Path Registry from C:\Users\Denny\AppData\Local\openvr\openvrpaths.vrpath
1544693402315	Marionette	INFO	Listening on port 27863
1544693402616	Marionette	WARN	TLS certificate errors will be ignored for this session
[Parent 228104, Gecko_IOThread] WARNING: pipe error: 109: file z:/build/build/src/ipc/chromium/src/chrome/common/ipc_channel_win.cc, line 346
[Parent 228104, Gecko_IOThread] WARNING: pipe error: 109: file z:/build/build/src/ipc/chromium/src/chrome/common/ipc_channel_win.cc, line 346
[Child 243832, Chrome_ChildThread] WARNING: pipe error: 109: file z:/build/build/src/ipc/chromium/src/chrome/common/ipc_channel_win.cc, line 346
[Child 243832, Chrome_ChildThread] WARNING: pipe error: 109: file z:/build/build/src/i[Parent 228104, Gecko_IOThread] WARNING: pipe error: 109: file z:/build/build/src/ipc/chromium/src/chrome/common/ipc_channel_win.cc, line 346
[Child 254584, Chrome_ChildThread] WARNING: pipe error: 109: file z:/build/build/src/ipc/chromium/src/chrome/common/ipc_channel_win.cc, line 346
[Child 254584, Chrome_ChildThread] WARNING: pipe error: 109*** UTM:SVC TimerManager:registerTimer called after profile-before-change notification. Ignoring timer registration for id: telemetry_modules_ping
[GPU 231848, Chrome_
###!!! [Child][MessageChannel::SendAndWait] Error: Channel error: cannot send/recv

1544693676720	geckodriver	INFO	geckodriver 0.18.0
1544693676737	geckodriver	INFO	Listening on 127.0.0.1:28283
1544693679899	geckodriver::marionette	INFO	Starting browser C:\Program Files (x86)\Mozilla Firefox 61\firefox.exe with args ["-marionette"]
Unable to read VR Path Registry from C:\Users\Denny\AppData\Local\openvr\openvrpaths.vrpath
Unable to read VR Path Registry from C:\Users\Denny\AppData\Local\openvr\openvrpaths.vrpath
Unable to read VR Path Registry from C:\Users\Denny\AppData\Local\openvr\openvrpaths.vrpath
Unable to read VR Path Registry from C:\Users\Denny\AppData\Local\openvr\openvrpaths.vrpath
Unable to read VR Path Registry from C:\Users\Denny\AppData\Local\openvr\openvrpaths.vrpath
1544693685575	Marionette	INFO	Listening on port 28295
1544693685783	Marionette	WARN	TLS certificate errors will be ignored for this session
[Parent 240928, Gecko_IOThread] WARNING: pipe error: 109: file z:/build/build/src/ipc/chromium/src/chrome/common/ipc_channel_win.cc, line 346
[Parent 240928, Gecko_IOThread] WARNING: pipe error: 109: file z:/build/build/src/ipc/chromium/src/chrome/common/ipc_channel_win.cc, line 346
[Child 177372, Chrome_ChildThread] WARNING: pipe error: 109: file z:/build/build/src/ipc/chromium/src/chrome/common/ipc_channel_win.cc, line 346
[Child 1[Parent 240928, Gecko_IOThread] WARNING: pipe error: 109: file z:/build/build/src/ipc/chromium/src/chrome/common/ipc_channel_win.cc, line 346
*** UTM:SVC TimerManager:registerTimer called after profile-before-change notification. Ignoring timer registration for id: telemetry_modules_ping
[GPU 232432, Chrome
###!!! [Child][MessageChannel::SendAndWait] Error: Channel error: cannot send/recv

1544693861806	geckodriver	INFO	geckodriver 0.18.0
1544693861826	geckodriver	INFO	Listening on 127.0.0.1:28577
1544693864937	geckodriver::marionette	INFO	Starting browser C:\Program Files (x86)\Mozilla Firefox 61\firefox.exe with args ["-marionette"]
Unable to read VR Path Registry from C:\Users\Denny\AppData\Local\openvr\openvrpaths.vrpath
Unable to read VR Path Registry from C:\Users\Denny\AppData\Local\openvr\openvrpaths.vrpath
Unable to read VR Path Registry from C:\Users\Denny\AppData\Local\openvr\openvrpaths.vrpath
Unable to read VR Path Registry from C:\Users\Denny\AppData\Local\openvr\openvrpaths.vrpath
Unable to read VR Path Registry from C:\Users\Denny\AppData\Local\openvr\openvrpaths.vrpath
1544693870393	Marionette	INFO	Listening on port 28589
1544693870821	Marionette	WARN	TLS certificate errors will be ignored for this session
[Parent 242180, Gecko_IOThread] WARNING: pipe error: 109: file z:/build/build/src/ipc/chromium/src/chrome/common/ipc_channel_win.cc, line 346
[Child 252396, Chrome_ChildThread] WARNING: pipe error: 109: file z:/build/build/src/ipc/chromium/src/chrome/common/ipc_channel_win.cc, line 346
[Child 252396, Chrome_ChildThread] WARNING: pipe error: 109: file z:/build/build/src/ipc/chromium/src/chrome/common/ipc_channel_win.cc, line 346
[Parent 242180, Gecko_IOThread] WARNING: pipe error: 109: file z:/build/build/src/ipc/chromium/src/chrome/common/ipc_channel_win.cc, line 346
[Child 232568, Chrome_ChildThread] WARNING: pipe error: 109: file z:/build/build/src/ipc/chromium/src/chrome/common/ipc_channel_win.cc, line 346
[Child 232568, Chrome_ChildThread] WARNING: pipe error: 109: file z:/build/build/src/ipc/chromium/src/chrome/common/ipc_channel_win.cc, line 346
*** UTM:SVC TimerManager:registerTimer called after profile-before-change notification. Ignoring timer registration for id: telemetry_modules_ping
JavaScript error: resource:///modules/sessionstore/SessionSaver.jsm, line 180: NS_ERROR_FAILURE: Component returned failure code: 0x80004005 (NS_ERROR_FAILURE) [nsIAppShellService.hiddenDOMWindow]

###!!! [Child][MessageChannel::SendAndWait] Error: Channel error: cannot send/recv

erManager:registerTimer called after profile-before-change notification. Ignoring timer registration for id: telemetry_modules_ping
[GPU 24545
###!!! [Child][MessageChannel::SendAndWait] Error: Channel error: cannot send/recv

JavaScript error: resource:///modules/sessionstore/SessionSaver.jsm, line 180: NS_ERROR_FAILURE: Component returned failure code: 0x80004005 (NS_ERROR_FAILURE) [nsIAppShellService.hiddenDOMWindow]
JavaScript error: resource://gre/modules/osfile/osfile_async_front.jsm, line 408: Error: OS.File has been shut down. Rejecting post to stat
1544694271000	geckodriver	INFO	geckodriver 0.18.0
1544694271019	geckodriver	INFO	Listening on 127.0.0.1:29222
1544694274056	geckodriver::marionette	INFO	Starting browser C:\Program Files (x86)\Mozilla Firefox 61\firefox.exe with args ["-marionette"]
Unable to read VR Path Registry from C:\Users\Denny\AppData\Local\openvr\openvrpaths.vrpath
Unable to read VR Path Registry from C:\Users\Denny\AppData\Local\openvr\openvrpaths.vrpath
Unable to read VR Path Registry from C:\Users\Denny\AppData\Local\openvr\openvrpaths.vrpath
Unable to read VR Path Registry from C:\Users\Denny\AppData\Local\openvr\openvrpaths.vrpath
Unable to read VR Path Registry from C:\Users\Denny\AppData\Local\openvr\openvrpaths.vrpath
1544694279959	Marionette	INFO	Listening on port 29234
1544694280151	Marionette	WARN	TLS certificate errors will be ignored for this session
[Parent 254320, Gecko_IOThread] WARNING: pipe error: 109: file z:/build/build/src/ipc/chromium/src/chrome/common/ipc_channel_win.cc, line 346
[Child 257628, Chrome_ChildThread] WARNING: pipe error: 109: file z:/build/build/src/ipc/chromium/src/chrome/common/ipc_channel_win.cc, line 346
[Child 257628, Chrome_ChildThread] WARNING: pipe error: 109: file z:/build/build/src/ipc/c[Parent 254320, Gecko_IOThread] WARNING: pipe error: 109: file z:/build/build/src/ipc/chromium/src/chrome/common/ipc_channel_win.cc, line 346
[Child 246956, Chrome_ChildThread] WARNING: pipe error: 109: file z:/build/build/src/ipc/chromium/src/chrome/common/ipc_channel_win.cc, line 346
*** UTM:SVC TimerManager:registerTimer called after profile-before-change notification. Ignoring timer registration for id: telemetry_modules_ping
[GPU 241860, Chrome_ChildT
###!!! [Child][MessageChannel::SendAndWait] Error: Channel error: cannot send/recv

uild/src/ipc/chromium/src/chrome/common/ipc_channel_win.cc, line 346
[Parent 240116, Gecko_IOThread] WARNING: pipe error: 109: file z:/build/build/src/ipc/chromium/src/chrome/common/ipc_channel_win.cc, line 346
[Child 243524, Chrome_ChildThread] WARNING: pipe error: 109: file z:/build/build/src/ipc/chromium/src/chrome/common/ipc_ch[aCnnel_win.cc, line 346h
ild 236732, Chr[Child 243524,ome_ChildThread] WARNING: pipe error: 109: file z:/build/build/src/ipc/chromium/src/chrome/common/ipc_channel_win.cc, line 346
[Chil[Parent 240116, Gecko_IOThread] WARNING: pipe error: 109: file z:/build/build/src/ipc/chromium/src/chrome/common/ipc_channel_win.cc, line 346
*** UTM:SVC TimerManager:registerTimer called after profile-before-change notification. Ignoring timer registration for id: telemetry_modules_ping

###!!! [Child][MessageChannel::SendAndWait] Error: Channel error: cannot send/recv

1544694441601	geckodriver	INFO	geckodriver 0.18.0
1544694441616	geckodriver	INFO	Listening on 127.0.0.1:29544
1544694444737	geckodriver::marionette	INFO	Starting browser C:\Program Files (x86)\Mozilla Firefox 61\firefox.exe with args ["-marionette"]
Unable to read VR Path Registry from C:\Users\Denny\AppData\Local\openvr\openvrpaths.vrpath
Unable to read VR Path Registry from C:\Users\Denny\AppData\Local\openvr\openvrpaths.vrpath
Unable to read VR Path Registry from C:\Users\Denny\AppData\Local\openvr\openvrpaths.vrpath
Unable to read VR Path Registry from C:\Users\Denny\AppData\Local\openvr\openvrpaths.vrpath
1544694449596	Marionette	INFO	Listening on port 29556
Unable to read VR Path Registry from C:\Users\Denny\AppData\Local\openvr\openvrpaths.vrpath
1544694450222	Marionette	WARN	TLS certificate errors will be ignored for this session

###!!! [Child][MessageChannel::SendAndWait] Error: Channel error: cannot send/recv

ng on 127.0.0.1:29616
1544694456747	geckodriver::marionette	INFO	Starting browser C:\Program Files (x86)\Mozilla Firefox 61\firefox.exe with args ["-marionette"]
Unable to read VR Path Registry from C:\Users\Denny\AppData\Local\openvr\openvrpaths.vrpath
Unable to read VR Path Registry from C:\Users\Denny\AppData\Local\openvr\openvrpaths.vrpath
Unable to read VR Path Registry from C:\Users\Denny\AppData\Local\openvr\openvrpaths.vrpath
Unable to read VR Path Registry from C:\Users\Denny\AppData\Local\openvr\openvrpaths.vrpath
Unable to read VR Path Registry from C:\Users\Denny\AppData\Local\openvr\openvrpaths.vrpath
1544694462257	Marionette	INFO	Listening on port 29628
1544694462710	Marionette	WARN	TLS certificate errors will be ignored for this session
[Parent 240116, Gecko_IOThread] WARNING: pipe error: 109: file z:/build/build/src/ipc/chromium/src/chrome/common/ipc_channel_win.cc, line 346
[Child 257980, Chrome_ChildThread] WARNING: pipe error: 109: file z:/build[/Cbuild/src/ipc/chromium/src/chrome/common/ipc_channel_win.cch,i line 346l
d 240944, Chrome_ChildThread] WARNING: pipe error: 109: file z[Child 257980, :/build/build/src/ipc/chromium/src/chrome/common/ipc_channel_win.cc, line 346
[Chi[Parent 240116, Gecko_IOThread] WARNING: pipe error: 109: file z:/build/build/src/ipc/chromium/src/chrome/common/ipc_channel_win.cc, line 346
[Child 258552, Chrome_ChildThread] WARNING: pipe error: 109: file z:/build/build/src/ipc/chromium/src/chrome/common/ipc_channel_win.cc, line 346
[Child 258552, Chrome_ChildThread] WARNING: pipe error: 109: file z:/build/build/src/ipc/chromium/src/chrome/common/ipc_channel_win.cc, line 346
*** UTM:SVC TimerManager:registerTimer called after profile-before-change notification. Ignoring timer registration for id: telemetry_modules_ping

###!!! [Child][MessageChannel::SendAndWait] Error: Channel error: cannot send/recv

1544694515642	geckodriver	INFO	geckodriver 0.18.0
1544694515661	geckodriver	INFO	Listening on 127.0.0.1:29736
1544694518790	geckodriver::marionette	INFO	Starting browser C:\Program Files (x86)\Mozilla Firefox 61\firefox.exe with args ["-marionette"]
Unable to read VR Path Registry from C:\Users\Denny\AppData\Local\openvr\openvrpaths.vrpath
Unable to read VR Path Registry from C:\Users\Denny\AppData\Local\openvr\openvrpaths.vrpath
Unable to read VR Path Registry from C:\Users\Denny\AppData\Local\openvr\openvrpaths.vrpath
Unable to read VR Path Registry from C:\Users\Denny\AppData\Local\openvr\openvrpaths.vrpath
Unable to read VR Path Registry from C:\Users\Denny\AppData\Local\openvr\openvrpaths.vrpath
1544694524561	Marionette	INFO	Listening on port 29749
1544694524787	Marionette	WARN	TLS certificate errors will be ignored for this session
[Parent 257880, Gecko_IOThread] WARNING: pipe error: 109: file z:/build/build/src/ipc/chromium/src/chrome/common/ipc_channel_win.cc, line 346
[Child 237048, Chrome_ChildThread[Child 243556, Chrome_ChildThread] WARNING: pipe error: 109: file z:/build/build/src/ipc/chromium/src/chrome/common/ipc_channel_win.cc, line 346
[Chil] WARNING: pipe error: 109: file z:/build/build/src/ipc/chromium/src/chrome/common/ipc_channel_win.cc, line 346
[Chil[Parent 257880, Gecko_IOThread] WARNING: pipe error: 109: file z:/build/build/src/ipc/chromium/src/chrome/common/ipc_channel_win.cc, line 346
[Child 241152, Chrome_ChildThread] WARNING: pipe error: 109: file z:/build/build/src/ipc/chromium/src/chrome/common/ipc_channel_win.cc, line 346
[Ch*** UTM:SVC TimerManager:registerTimer called after profile-before-change notification. Ignoring timer registration for id: telemetry_modules_ping
[GPU 255588, C
###!!! [Child][MessageChannel::SendAndWait] Error: Channel error: cannot send/recv

1544694931501	geckodriver	INFO	geckodriver 0.18.0
1544694931520	geckodriver	INFO	Listening on 127.0.0.1:30425
1544694934681	geckodriver::marionette	INFO	Starting browser C:\Program Files (x86)\Mozilla Firefox 61\firefox.exe with args ["-marionette"]
Unable to read VR Path Registry from C:\Users\Denny\AppData\Local\openvr\openvrpaths.vrpath
Unable to read VR Path Registry from C:\Users\Denny\AppData\Local\openvr\openvrpaths.vrpath
Unable to read VR Path Registry from C:\Users\Denny\AppData\Local\openvr\openvrpaths.vrpath
Unable to read VR Path Registry from C:\Users\Denny\AppData\Local\openvr\openvrpaths.vrpath
Unable to read VR Path Registry from C:\Users\Denny\AppData\Local\openvr\openvrpaths.vrpath
1544694939938	Marionette	INFO	Listening on port 30437
1544694940142	Marionette	WARN	TLS certificate errors will be ignored for this session

###!!! [Child][MessageChannel::SendAndWait] Error: Channel error: cannot send/recv

ng on 127.0.0.1:31625
1544695752876	geckodriver::marionette	INFO	Starting browser C:\Program Files (x86)\Mozilla Firefox 61\firefox.exe with args ["-marionette"]
Unable to read VR Path Registry from C:\Users\Denny\AppData\Local\openvr\openvrpaths.vrpath
Unable to read VR Path Registry from C:\Users\Denny\AppData\Local\openvr\openvrpaths.vrpath
Unable to read VR Path Registry from C:\Users\Denny\AppData\Local\openvr\openvrpaths.vrpath
Unable to read VR Path Registry from C:\Users\Denny\AppData\Local\openvr\openvrpaths.vrpath
Unable to read VR Path Registry from C:\Users\Denny\AppData\Local\openvr\openvrpaths.vrpath
1544695759141	Marionette	INFO	Listening on port 31637
1544695759443	Marionette	WARN	TLS certificate errors will be ignored for this session
[Parent 241616, Gecko_IOThread] WARNING: pipe error: 109: file z:/build/build/src/ipc/chromium/src/chrome/common/ipc_channel_win.cc, line 346
[Child 256512, Chrome_ChildThread] WARNING: pipe error: 109: file z:/build/build/src/ipc/chromium/src/chrome/common/ipc_channel_win.cc, line 346
[Child 25651[Parent 241616, Gecko_IOThread] WARNING: pipe error: 109: file z:/build/build/src/ipc/chromium/src/chrome/common/ipc_channel_win.cc, line 346
[Child 223388, Chrome_ChildThread] WARNING: pipe error: 109: file z:/build/build/src/ipc/chromium/src/chrome/common/ipc_channel_win.cc, line 346
[Child 2*** UTM:SVC TimerManager:registerTimer called after profile-before-change notification. Ignoring timer registration for id: telemetry_modules_ping

###!!! [Child][MessageChannel::SendAndWait] Error: Channel error: cannot send/recv

1544695831088	geckodriver	INFO	geckodriver 0.18.0
1544695831107	geckodriver	INFO	Listening on 127.0.0.1:31788
1544695834254	geckodriver::marionette	INFO	Starting browser C:\Program Files (x86)\Mozilla Firefox 61\firefox.exe with args ["-marionette"]
Unable to read VR Path Registry from C:\Users\Denny\AppData\Local\openvr\openvrpaths.vrpath
Unable to read VR Path Registry from C:\Users\Denny\AppData\Local\openvr\openvrpaths.vrpath
Unable to read VR Path Registry from C:\Users\Denny\AppData\Local\openvr\openvrpaths.vrpath
Unable to read VR Path Registry from C:\Users\Denny\AppData\Local\openvr\openvrpaths.vrpath
Unable to read VR Path Registry from C:\Users\Denny\AppData\Local\openvr\openvrpaths.vrpath
1544695839275	Marionette	INFO	Listening on port 31800
1544695839809	Marionette	WARN	TLS certificate errors will be ignored for this session

###!!! [Child][MessageChannel::SendAndWait] Error: Channel error: cannot send/recv

ng on 127.0.0.1:32381
1544696184865	geckodriver::marionette	INFO	Starting browser C:\Program Files (x86)\Mozilla Firefox 61\firefox.exe with args ["-marionette"]
Unable to read VR Path Registry from C:\Users\Denny\AppData\Local\openvr\openvrpaths.vrpath
Unable to read VR Path Registry from C:\Users\Denny\AppData\Local\openvr\openvrpaths.vrpath
Unable to read VR Path Registry from C:\Users\Denny\AppData\Local\openvr\openvrpaths.vrpath
Unable to read VR Path Registry from C:\Users\Denny\AppData\Local\openvr\openvrpaths.vrpath
Unable to read VR Path Registry from C:\Users\Denny\AppData\Local\openvr\openvrpaths.vrpath
1544696191213	Marionette	INFO	Listening on port 32393
1544696191258	Marionette	WARN	TLS certificate errors will be ignored for this session

###!!! [Child][MessageChannel::SendAndWait] Error: Channel error: cannot send/recv


###!!! [Parent][MessageChannel] Error: (msgtype=0x2D0107,name=PContent::Msg_AsyncMessage) Channel error: cannot send/recv

1544759745935	geckodriver	INFO	geckodriver 0.18.0
1544759745972	geckodriver	INFO	Listening on 127.0.0.1:11232
1544759749084	geckodriver::marionette	INFO	Starting browser C:\Program Files (x86)\Mozilla Firefox 61\firefox.exe with args ["-marionette"]
Unable to read VR Path Registry from C:\Users\Denny\AppData\Local\openvr\openvrpaths.vrpath
Unable to read VR Path Registry from C:\Users\Denny\AppData\Local\openvr\openvrpaths.vrpath
Unable to read VR Path Registry from C:\Users\Denny\AppData\Local\openvr\openvrpaths.vrpath
Unable to read VR Path Registry from C:\Users\Denny\AppData\Local\openvr\openvrpaths.vrpath
Unable to read VR Path Registry from C:\Users\Denny\AppData\Local\openvr\openvrpaths.vrpath
1544759757297	Marionette	INFO	Listening on port 11240
[Child 32472, Chrome_ChildThread] WARNING: pipe error: 109: file z:/build/build/src/ipc/chromium/src/chrome/common/ipc_channel_win.cc, line 346
[Child 31544759757642	Marionette	WARN	TLS certificate errors will be ignored for this session
Unable to read VR Path Registry from C:\Users\Denny\AppData\Local\openvr\openvrpaths.vrpath
[Parent 32016, Gecko_IOThread] WARNING: pipe error: 109: file z:/build/build/src/ipc/chromium/src/chrome/common/ipc_channel_win.cc, line 346
[Child 32500, Chrome_ChildThread] WARNING: pipe error: 109: file z:/build/build/src/ipc/chromium/src/chrome/common/ipc_channel_win.cc, line 346
[Parent 32016, Gecko_IOThread] WARNING: pipe error: 109: file z:/build/build/src/ipc/chromium/src/chrome/common/ipc_channel_win.cc, line 346
[Child 32512, Chrome_ChildThread] WARNING: pipe error: 109: file z:/build/build/src/ipc/chromium/src/chrome/common/ipc_channel_win.cc, line 346
[Child 32512, Chrome_ChildThread] WARNING:[Child 25412, Chrome_ChildThread] WARNING: pipe error: 109: file z:/build/build/src/ipc/chromium/src/chrome/common/ipc_channel_win.cc, line 346
[Child 25412, Chrome_ChildThre
###!!! [Child][MessageChannel::SendAndWait] Error: Channel error: cannot send/recv

OThread] WARNING: pipe error: 109: file z:/build/build/src/ipc/chromium/src/chrome/common/ipc_channel_win.cc, line 346
[Parent 32400, Gecko_IOThread] WARNING: pipe error: 109: file z:/build/build/src/ipc/chromium/src/chrome/common/ipc_channel_win.cc, line 346
[Child 30836, Chrome_ChildThread] WARNING: pipe error: 109: file z:/build/build/src/ipc/chromium/src/chrome/common/ipc_channel_win.cc, line 346
[Child *** UTM:SVC TimerManager:registerTimer called after profile-before-change notification. Ignoring timer registration for id: telemetry_modules_ping

###!!! [Child][MessageChannel::SendAndWait] Error: Channel error: cannot send/recv

1544760270667	geckodriver	INFO	geckodriver 0.18.0
1544760270685	geckodriver	INFO	Listening on 127.0.0.1:11466
1544760273806	geckodriver::marionette	INFO	Starting browser C:\Program Files (x86)\Mozilla Firefox 61\firefox.exe with args ["-marionette"]
Unable to read VR Path Registry from C:\Users\Denny\AppData\Local\openvr\openvrpaths.vrpath
Unable to read VR Path Registry from C:\Users\Denny\AppData\Local\openvr\openvrpaths.vrpath
Unable to read VR Path Registry from C:\Users\Denny\AppData\Local\openvr\openvrpaths.vrpath
Unable to read VR Path Registry from C:\Users\Denny\AppData\Local\openvr\openvrpaths.vrpath
Unable to read VR Path Registry from C:\Users\Denny\AppData\Local\openvr\openvrpaths.vrpath
1544760279185	Marionette	INFO	Listening on port 11474
1544760279726	Marionette	WARN	TLS certificate errors will be ignored for this session
[Parent 32384, Gecko_IOThread] WARNING: pipe error: 109: file z:/build/build/src/ipc/chromium/src/chrome/common/ipc_channel_win.cc, line 346
[Parent 32384, Gecko_IOThread] WARNING: pipe er[ror: 109: file z:/bChild 32192, Chrome_ChildThreuaidl]d /Wbuild/src/ipc/chromARNIiNuGm/src/:chrome/comm on/ipc_cpipe error: 109: file z:/build/build/src/ipc/chromium/src/chrome/common/ipc_channel_win.cc, line 346
hannel_win.cc, line 346

###!!! [Child][MessageChannel::SendAndWait] Error: Channel error: cannot send/recv

ths.vrpath
Unable to read VR Path Registry from C:\Users\Denny\AppData\Local\openvr\openvrpaths.vrpath
Unable to read VR Path Registry from C:\Users\Denny\AppData\Local\openvr\openvrpaths.vrpath
1544760741227	Marionette	INFO	Listening on port 11612
1544760741720	Marionette	WARN	TLS certificate errors will be ignored for this session
[Parent 36328, Gecko_IOThread] WARNING: pipe error: 109: file z:/build/build/src/ipc/chromium/src/chrome/common/ipc_channel_win.cc, line 346
[Parent 36328, Gecko_IOThread] WARNING: pipe error: 109: file z:/build/build/src/ipc/chromium/src/chrome/common/ipc_channel_win.cc, line 346
[Parent 36328, Gecko_IOThread] WARNING: pipe error: 109: file z:/build/build/src/ipc/chromium/src/chrome/common/ipc_channel_win.cc, line 346
[Child 36800, Chrome_ChildThread] WARNING: pipe error: 109: file z:/build/build/src/ipc/chromium/src/chrome/common/ipc_channel_win.cc, line 346
[Child 36800, Chrome_ChildThread*** UTM:SVC TimerManager:registerTimer called after profile-before-change notification. Ignoring timer registration for id: telemetry_modules_ping
[GPU 36640, Chrome_ChildThread] WARNING: pipe e
###!!! [Child][MessageChannel::SendAndWait] Error: Channel error: cannot send/recv

1544760811507	geckodriver	INFO	geckodriver 0.18.0
1544760811525	geckodriver	INFO	Listening on 127.0.0.1:11666
1544760814724	geckodriver::marionette	INFO	Starting browser C:\Program Files (x86)\Mozilla Firefox 61\firefox.exe with args ["-marionette"]
Unable to read VR Path Registry from C:\Users\Denny\AppData\Local\openvr\openvrpaths.vrpath
Unable to read VR Path Registry from C:\Users\Denny\AppData\Local\openvr\openvrpaths.vrpath
Unable to read VR Path Registry from C:\Users\Denny\AppData\Local\openvr\openvrpaths.vrpath
Unable to read VR Path Registry from C:\Users\Denny\AppData\Local\openvr\openvrpaths.vrpath
1544760820997	Marionette	INFO	Listening on port 11674
1544760821124	Marionette	WARN	TLS certificate errors will be ignored for this session
Unable to read VR Path Registry from C:\Users\Denny\AppData\Local\openvr\openvrpaths.vrpath
[Parent 36368, Gecko_IOThread] WARNING: pipe error: 109: file z:/build/build/src/ipc/chromium/src/chrome/common/ipc_channel_win.cc, line 346
[Child 35888, Chrome_ChildThread] WARNING: pipe error: 109: file z:/build/build/src/ipc/chromium/src/chrome/common/ipc_channel_win.cc, line 346
[[Parent 36368, Gecko_IOThread] WARNING: pipe error: 109: file z:/build/build/src/ipc/chromium/src/chrome/common/ipc_channel_win.cc, line 346
[Child 36832, Chrome_ChildThread] WARNING: pipe error: 109: file z:/build/build/src/ipc/chromium/src/chrome/common/ipc_channel_win.cc, line 346
[C[Parent 36368, Gecko_IOThread] WARNING: pipe error: 109: file z:/build/build/src/ipc/chromium/src/chrome/common/ipc_channel_win.cc, line 346
[GPU 3288
###!!! [Child][MessageChannel::SendAndWait] Error: Channel error: cannot send/recv

